==============================================================================
20180126 12:47:55.696 - INFO - + START SUITE: Acceptancetest [ ]
==============================================================================
20180126 12:47:55.750 - INFO - +- START SUITE: Acceptancetest.HelloWorldTests [ ]
==============================================================================
20180126 12:47:55.756 - INFO - +-- START TEST: Say Hello [ ]
------------------------------------------------------------------------------
20180126 12:47:55.760 - INFO - +--- START KW: keywords.CustomKeywords.Greet Everyone [ ]
20180126 12:47:55.764 - INFO - +--- END KW: keywords.CustomKeywords.Greet Everyone (3)
------------------------------------------------------------------------------
20180126 12:47:55.774 - INFO - +-- END TEST: Say Hello (11)
------------------------------------------------------------------------------
20180126 12:47:55.776 - INFO - +-- START TEST: Say Hello In Pig Latin [ ]
------------------------------------------------------------------------------
20180126 12:47:55.779 - INFO - +--- START KW: keywords.CustomKeywords.Reverse Greet Everyone [ ]
20180126 12:47:55.782 - INFO - +--- END KW: keywords.CustomKeywords.Reverse Greet Everyone (2)
------------------------------------------------------------------------------
20180126 12:47:55.785 - INFO - +-- END TEST: Say Hello In Pig Latin (8)
------------------------------------------------------------------------------
20180126 12:47:55.787 - INFO - +-- START TEST: Make Sure You're Saying Hello [ ]
------------------------------------------------------------------------------
20180126 12:47:55.791 - INFO - +--- START KW: keywords.CustomKeywords.Greet Everyone [ ]
20180126 12:47:55.795 - INFO - ${result} = hello world
20180126 12:47:55.797 - INFO - +--- END KW: keywords.CustomKeywords.Greet Everyone (6)
~~~~~~~~~~~~~~~~~~~~~~~~~~~~~~~~~~~~~~~~~~~~~~~~~~~~~~~~~~~~~~~~~~~~~~~~~~~~~~
20180126 12:47:55.799 - INFO - +--- START KW: BuiltIn.Should Be Equal [ ${result} | hello world ]
20180126 12:47:55.806 - INFO - +--- END KW: BuiltIn.Should Be Equal (7)
------------------------------------------------------------------------------
20180126 12:47:55.813 - INFO - +-- END TEST: Make Sure You're Saying Hello (24)
------------------------------------------------------------------------------
20180126 12:47:55.816 - INFO - +-- START TEST: Make A Test That Fails [ ]
------------------------------------------------------------------------------
20180126 12:47:55.820 - INFO - +--- START KW: keywords.CustomKeywords.Reverse Greet Everyone [ ]
20180126 12:47:55.825 - INFO - ${result} = dlrow olleh
20180126 12:47:55.835 - INFO - +--- END KW: keywords.CustomKeywords.Reverse Greet Everyone (7)
~~~~~~~~~~~~~~~~~~~~~~~~~~~~~~~~~~~~~~~~~~~~~~~~~~~~~~~~~~~~~~~~~~~~~~~~~~~~~~
20180126 12:47:55.836 - INFO - +--- START KW: BuiltIn.Should Be Equal [ ${result} | dlrow olleh ]
20180126 12:47:55.842 - INFO - +--- END KW: BuiltIn.Should Be Equal (5)
------------------------------------------------------------------------------
20180126 12:47:55.844 - INFO - +-- END TEST: Make A Test That Fails (28)
------------------------------------------------------------------------------
20180126 12:47:55.851 - INFO - +- END SUITE: Acceptancetest.HelloWorldTests (145)
==============================================================================
20180126 12:47:55.859 - INFO - + END SUITE: Acceptancetest (483)
==============================================================================
